python3 /home/payton/figaro/figaro/figaro.py -a 430 -f 17 -r 21 -i /media/payton/Expansion/099_Cryopreserve/03A_16s/figaro -o /media/payton/Expansion/099_Cryopreserve/03A_16s/figaro 
Forward read length: 290
Reverse read length: 290
{"trimPosition": [254, 234], "maxExpectedError": [3, 3], "readRetentionPercent": 77.4, "score": 69.4007461311717}
{"trimPosition": [253, 235], "maxExpectedError": [3, 3], "readRetentionPercent": 77.27, "score": 69.27178518791452}
{"trimPosition": [252, 236], "maxExpectedError": [3, 3], "readRetentionPercent": 77.26, "score": 69.26257369196757}
{"trimPosition": [249, 239], "maxExpectedError": [3, 3], "readRetentionPercent": 77.13, "score": 69.12670412675018}
{"trimPosition": [248, 240], "maxExpectedError": [3, 3], "readRetentionPercent": 77.13, "score": 69.12555268975682}
{"trimPosition": [250, 238], "maxExpectedError": [3, 3], "readRetentionPercent": 77.08, "score": 69.0794952100221}
{"trimPosition": [251, 237], "maxExpectedError": [3, 3], "readRetentionPercent": 77.07, "score": 69.07143515106853}
{"trimPosition": [247, 241], "maxExpectedError": [3, 3], "readRetentionPercent": 76.98, "score": 68.98277450257922}
{"trimPosition": [246, 242], "maxExpectedError": [3, 3], "readRetentionPercent": 76.72, "score": 68.71679255711128}
{"trimPosition": [266, 222], "maxExpectedError": [4, 3], "readRetentionPercent": 80.82, "score": 67.81590825350037}
{"trimPosition": [265, 223], "maxExpectedError": [4, 3], "readRetentionPercent": 80.81, "score": 67.80554532056006}
{"trimPosition": [267, 221], "maxExpectedError": [4, 3], "readRetentionPercent": 80.79, "score": 67.78942520265291}
{"trimPosition": [268, 220], "maxExpectedError": [4, 3], "readRetentionPercent": 80.74, "score": 67.7399134119381}
{"trimPosition": [269, 219], "maxExpectedError": [4, 3], "readRetentionPercent": 80.74, "score": 67.7399134119381}
{"trimPosition": [264, 224], "maxExpectedError": [4, 3], "readRetentionPercent": 80.72, "score": 67.71918754605748}
{"trimPosition": [263, 225], "maxExpectedError": [4, 3], "readRetentionPercent": 80.69, "score": 67.69385593220339}
{"trimPosition": [270, 218], "maxExpectedError": [4, 3], "readRetentionPercent": 80.65, "score": 67.64664701547531}
{"trimPosition": [271, 217], "maxExpectedError": [4, 3], "readRetentionPercent": 80.57, "score": 67.57410648489315}
{"trimPosition": [272, 216], "maxExpectedError": [4, 3], "readRetentionPercent": 80.56, "score": 67.56374355195284}
{"trimPosition": [262, 226], "maxExpectedError": [4, 3], "readRetentionPercent": 80.52, "score": 67.52114038319823}
{"trimPosition": [273, 215], "maxExpectedError": [4, 3], "readRetentionPercent": 80.51, "score": 67.51192888725129}
{"trimPosition": [261, 227], "maxExpectedError": [4, 3], "readRetentionPercent": 80.48, "score": 67.48084008843036}
{"trimPosition": [260, 228], "maxExpectedError": [4, 3], "readRetentionPercent": 80.29, "score": 67.28509579955785}
{"trimPosition": [259, 229], "maxExpectedError": [4, 3], "readRetentionPercent": 80.19, "score": 67.19298084008844}
{"trimPosition": [245, 243], "maxExpectedError": [3, 4], "readRetentionPercent": 80.11, "score": 67.10662306558585}
{"trimPosition": [244, 244], "maxExpectedError": [3, 4], "readRetentionPercent": 80.09, "score": 67.08820007369198}
{"trimPosition": [276, 212], "maxExpectedError": [4, 2], "readRetentionPercent": 77.07, "score": 67.07488946204863}
{"trimPosition": [258, 230], "maxExpectedError": [4, 3], "readRetentionPercent": 80.06, "score": 67.05711127487103}
{"trimPosition": [243, 245], "maxExpectedError": [3, 4], "readRetentionPercent": 80.05, "score": 67.05250552689756}
{"trimPosition": [275, 213], "maxExpectedError": [4, 2], "readRetentionPercent": 77.03, "score": 67.02768054532056}
{"trimPosition": [242, 246], "maxExpectedError": [3, 4], "readRetentionPercent": 80.01, "score": 67.01105379513633}
{"trimPosition": [274, 214], "maxExpectedError": [4, 2], "readRetentionPercent": 76.97, "score": 66.97126013264554}
{"trimPosition": [241, 247], "maxExpectedError": [3, 4], "readRetentionPercent": 79.95, "score": 66.95348194546794}
{"trimPosition": [257, 231], "maxExpectedError": [4, 3], "readRetentionPercent": 79.95, "score": 66.95348194546794}
{"trimPosition": [240, 248], "maxExpectedError": [3, 4], "readRetentionPercent": 79.91, "score": 66.9085759027266}
{"trimPosition": [239, 249], "maxExpectedError": [3, 4], "readRetentionPercent": 79.88, "score": 66.88094141488577}
{"trimPosition": [256, 232], "maxExpectedError": [4, 3], "readRetentionPercent": 79.83, "score": 66.8337324981577}
{"trimPosition": [255, 233], "maxExpectedError": [4, 3], "readRetentionPercent": 79.82, "score": 66.81991525423729}
{"trimPosition": [238, 250], "maxExpectedError": [3, 4], "readRetentionPercent": 79.79, "score": 66.78652358142962}
{"trimPosition": [237, 251], "maxExpectedError": [3, 4], "readRetentionPercent": 79.64, "score": 66.63913964627855}
{"trimPosition": [236, 252], "maxExpectedError": [3, 4], "readRetentionPercent": 79.48, "score": 66.47563559322035}
{"trimPosition": [235, 253], "maxExpectedError": [3, 4], "readRetentionPercent": 79.32, "score": 66.32249447310244}
{"trimPosition": [234, 254], "maxExpectedError": [3, 4], "readRetentionPercent": 79.22, "score": 66.21771370670598}
{"trimPosition": [233, 255], "maxExpectedError": [3, 4], "readRetentionPercent": 79.12, "score": 66.12329587324982}
{"trimPosition": [232, 256], "maxExpectedError": [3, 4], "readRetentionPercent": 79.02, "score": 66.01621223286662}
{"trimPosition": [231, 257], "maxExpectedError": [3, 4], "readRetentionPercent": 78.77, "score": 65.76635040530581}
{"trimPosition": [230, 258], "maxExpectedError": [3, 4], "readRetentionPercent": 78.62, "score": 65.62242078113486}
{"trimPosition": [229, 259], "maxExpectedError": [3, 4], "readRetentionPercent": 78.42, "score": 65.4174649963154}
{"trimPosition": [228, 260], "maxExpectedError": [3, 4], "readRetentionPercent": 78.29, "score": 65.28620117907148}
{"trimPosition": [227, 261], "maxExpectedError": [3, 4], "readRetentionPercent": 77.99, "score": 64.99373618275608}
{"trimPosition": [226, 262], "maxExpectedError": [3, 4], "readRetentionPercent": 77.84, "score": 64.84289793662491}
{"trimPosition": [285, 203], "maxExpectedError": [5, 2], "readRetentionPercent": 79.59, "score": 62.590779292557116}
{"trimPosition": [286, 202], "maxExpectedError": [5, 2], "readRetentionPercent": 79.58, "score": 62.580416359616805}
{"trimPosition": [283, 205], "maxExpectedError": [5, 2], "readRetentionPercent": 79.53, "score": 62.53435887988209}
{"trimPosition": [288, 200], "maxExpectedError": [5, 2], "readRetentionPercent": 79.53, "score": 62.53435887988209}
{"trimPosition": [284, 204], "maxExpectedError": [5, 2], "readRetentionPercent": 79.53, "score": 62.533207442888724}
{"trimPosition": [287, 201], "maxExpectedError": [5, 2], "readRetentionPercent": 79.53, "score": 62.52514738393515}
{"trimPosition": [282, 206], "maxExpectedError": [5, 2], "readRetentionPercent": 79.46, "score": 62.45721260132646}
{"trimPosition": [289, 199], "maxExpectedError": [5, 2], "readRetentionPercent": 79.43, "score": 62.430729550479}
{"trimPosition": [281, 207], "maxExpectedError": [5, 2], "readRetentionPercent": 79.35, "score": 62.35473470891672}
{"trimPosition": [280, 208], "maxExpectedError": [5, 2], "readRetentionPercent": 79.23, "score": 62.22692520265291}
{"trimPosition": [278, 210], "maxExpectedError": [5, 2], "readRetentionPercent": 79.18, "score": 62.1843220338983}
{"trimPosition": [279, 209], "maxExpectedError": [5, 2], "readRetentionPercent": 79.18, "score": 62.177413411938105}
{"trimPosition": [277, 211], "maxExpectedError": [5, 2], "readRetentionPercent": 79.17, "score": 62.17395910095799}
{"trimPosition": [225, 263], "maxExpectedError": [3, 5], "readRetentionPercent": 81.37, "score": 61.37205232129699}
{"trimPosition": [224, 264], "maxExpectedError": [3, 5], "readRetentionPercent": 81.21, "score": 61.21200257921886}
{"trimPosition": [222, 266], "maxExpectedError": [2, 5], "readRetentionPercent": 77.98, "score": 60.9787675018423}
{"trimPosition": [223, 265], "maxExpectedError": [2, 5], "readRetentionPercent": 77.97, "score": 60.96840456890199}
{"trimPosition": [221, 267], "maxExpectedError": [2, 5], "readRetentionPercent": 77.83, "score": 60.827929255711126}
{"trimPosition": [220, 268], "maxExpectedError": [2, 5], "readRetentionPercent": 77.72, "score": 60.71739130434783}
{"trimPosition": [219, 269], "maxExpectedError": [2, 5], "readRetentionPercent": 77.58, "score": 60.58037030213707}
{"trimPosition": [218, 270], "maxExpectedError": [2, 5], "readRetentionPercent": 77.39, "score": 60.392686072218126}
{"trimPosition": [217, 271], "maxExpectedError": [2, 5], "readRetentionPercent": 77.23, "score": 60.23263633014001}
{"trimPosition": [216, 272], "maxExpectedError": [2, 5], "readRetentionPercent": 76.99, "score": 59.99313743551953}
{"trimPosition": [215, 273], "maxExpectedError": [2, 5], "readRetentionPercent": 76.79, "score": 59.78587877671333}
{"trimPosition": [214, 274], "maxExpectedError": [2, 5], "readRetentionPercent": 76.74, "score": 59.73982129697863}
{"trimPosition": [213, 275], "maxExpectedError": [2, 5], "readRetentionPercent": 76.51, "score": 59.5129882092852}
{"trimPosition": [212, 276], "maxExpectedError": [2, 5], "readRetentionPercent": 76.35, "score": 59.34602984524686}
{"trimPosition": [211, 277], "maxExpectedError": [2, 5], "readRetentionPercent": 76.31, "score": 59.313789609432575}
{"trimPosition": [210, 278], "maxExpectedError": [2, 6], "readRetentionPercent": 79.28, "score": 53.27758843036109}
{"trimPosition": [209, 279], "maxExpectedError": [2, 6], "readRetentionPercent": 79.08, "score": 53.0772383935151}
{"trimPosition": [208, 280], "maxExpectedError": [2, 6], "readRetentionPercent": 78.91, "score": 52.91028002947678}
{"trimPosition": [207, 281], "maxExpectedError": [2, 6], "readRetentionPercent": 78.66, "score": 52.66041820191599}
{"trimPosition": [206, 282], "maxExpectedError": [2, 6], "readRetentionPercent": 78.37, "score": 52.373710390567425}
{"trimPosition": [205, 283], "maxExpectedError": [2, 6], "readRetentionPercent": 78.17, "score": 52.168754605747964}
{"trimPosition": [204, 284], "maxExpectedError": [2, 6], "readRetentionPercent": 77.9, "score": 51.89586403831983}
{"trimPosition": [203, 285], "maxExpectedError": [2, 6], "readRetentionPercent": 77.6, "score": 51.59533898305084}
{"trimPosition": [202, 286], "maxExpectedError": [2, 6], "readRetentionPercent": 77.35, "score": 51.352385777450266}
{"trimPosition": [201, 287], "maxExpectedError": [2, 6], "readRetentionPercent": 77.08, "score": 51.08064664701547}
{"trimPosition": [200, 288], "maxExpectedError": [2, 6], "readRetentionPercent": 76.78, "score": 50.78242446573323}
{"trimPosition": [199, 289], "maxExpectedError": [2, 6], "readRetentionPercent": 76.44, "score": 50.43814480471629}
{"trimPosition": [198, 290], "maxExpectedError": [2, 6], "readRetentionPercent": 63.71, "score": 37.705554532056006}
{"trimPosition": [290, 198], "maxExpectedError": [5, 2], "readRetentionPercent": 38.32, "score": 21.32327745025792}
Run time: 0:03:14.606881
