python /home/payton/figaro/figaro/figaro.py -f 17 -r 21 -a 440 -m 12
Forward read length: 290
Reverse read length: 290
{"trimPosition": [254, 236], "maxExpectedError": [3, 3], "readRetentionPercent": 77.02, "score": 69.01616617538689}
{"trimPosition": [250, 240], "maxExpectedError": [3, 3], "readRetentionPercent": 76.9, "score": 68.90447678703022}
{"trimPosition": [251, 239], "maxExpectedError": [3, 3], "readRetentionPercent": 76.88, "score": 68.88144804716286}
{"trimPosition": [252, 238], "maxExpectedError": [3, 3], "readRetentionPercent": 76.86, "score": 68.86072218128224}
{"trimPosition": [253, 237], "maxExpectedError": [3, 3], "readRetentionPercent": 76.84, "score": 68.84460206337509}
{"trimPosition": [249, 241], "maxExpectedError": [3, 3], "readRetentionPercent": 76.81, "score": 68.80775607958734}
{"trimPosition": [248, 242], "maxExpectedError": [3, 3], "readRetentionPercent": 76.54, "score": 68.54062269712601}
{"trimPosition": [268, 222], "maxExpectedError": [4, 3], "readRetentionPercent": 80.56, "score": 67.56374355195284}
{"trimPosition": [269, 221], "maxExpectedError": [4, 3], "readRetentionPercent": 80.53, "score": 67.52689756816507}
{"trimPosition": [267, 223], "maxExpectedError": [4, 3], "readRetentionPercent": 80.51, "score": 67.51077745025792}
{"trimPosition": [271, 219], "maxExpectedError": [4, 3], "readRetentionPercent": 80.46, "score": 67.45665991156964}
{"trimPosition": [265, 225], "maxExpectedError": [4, 3], "readRetentionPercent": 80.44, "score": 67.4405397936625}
{"trimPosition": [270, 220], "maxExpectedError": [4, 3], "readRetentionPercent": 80.43, "score": 67.43363117170227}
{"trimPosition": [266, 224], "maxExpectedError": [4, 3], "readRetentionPercent": 80.42, "score": 67.41751105379514}
{"trimPosition": [272, 218], "maxExpectedError": [4, 3], "readRetentionPercent": 80.37, "score": 67.37030213706706}
{"trimPosition": [264, 226], "maxExpectedError": [4, 3], "readRetentionPercent": 80.32, "score": 67.31963890935889}
{"trimPosition": [263, 227], "maxExpectedError": [4, 3], "readRetentionPercent": 80.28, "score": 67.27588430361091}
{"trimPosition": [273, 217], "maxExpectedError": [4, 3], "readRetentionPercent": 80.27, "score": 67.27012711864407}
{"trimPosition": [274, 216], "maxExpectedError": [4, 3], "readRetentionPercent": 80.27, "score": 67.2655213706706}
{"trimPosition": [275, 215], "maxExpectedError": [4, 3], "readRetentionPercent": 80.2, "score": 67.20334377302873}
{"trimPosition": [262, 228], "maxExpectedError": [4, 3], "readRetentionPercent": 80.06, "score": 67.0582627118644}
{"trimPosition": [261, 229], "maxExpectedError": [4, 3], "readRetentionPercent": 79.98, "score": 66.98111643330877}
{"trimPosition": [247, 243], "maxExpectedError": [3, 4], "readRetentionPercent": 79.9, "score": 66.89706153279292}
{"trimPosition": [246, 244], "maxExpectedError": [3, 4], "readRetentionPercent": 79.9, "score": 66.89591009579956}
{"trimPosition": [260, 230], "maxExpectedError": [4, 3], "readRetentionPercent": 79.85, "score": 66.85445836403832}
{"trimPosition": [245, 245], "maxExpectedError": [3, 4], "readRetentionPercent": 79.85, "score": 66.84870117907148}
{"trimPosition": [244, 246], "maxExpectedError": [3, 4], "readRetentionPercent": 79.83, "score": 66.82912675018423}
{"trimPosition": [276, 214], "maxExpectedError": [4, 2], "readRetentionPercent": 76.76, "score": 66.76285003684599}
{"trimPosition": [259, 231], "maxExpectedError": [4, 3], "readRetentionPercent": 79.75, "score": 66.75082903463523}
{"trimPosition": [243, 247], "maxExpectedError": [3, 4], "readRetentionPercent": 79.75, "score": 66.74737472365511}
{"trimPosition": [242, 248], "maxExpectedError": [3, 4], "readRetentionPercent": 79.73, "score": 66.7266488577745}
{"trimPosition": [241, 249], "maxExpectedError": [3, 4], "readRetentionPercent": 79.72, "score": 66.72204310980104}
{"trimPosition": [258, 232], "maxExpectedError": [4, 3], "readRetentionPercent": 79.65, "score": 66.65180545320561}
{"trimPosition": [257, 233], "maxExpectedError": [4, 3], "readRetentionPercent": 79.65, "score": 66.64719970523213}
{"trimPosition": [256, 234], "maxExpectedError": [4, 3], "readRetentionPercent": 79.63, "score": 66.6264738393515}
{"trimPosition": [240, 250], "maxExpectedError": [3, 4], "readRetentionPercent": 79.6, "score": 66.59768791451731}
{"trimPosition": [255, 235], "maxExpectedError": [4, 3], "readRetentionPercent": 79.44, "score": 66.43533529845247}
{"trimPosition": [239, 251], "maxExpectedError": [3, 4], "readRetentionPercent": 79.42, "score": 66.42151805453206}
{"trimPosition": [238, 252], "maxExpectedError": [3, 4], "readRetentionPercent": 79.23, "score": 66.22922807663964}
{"trimPosition": [237, 253], "maxExpectedError": [3, 4], "readRetentionPercent": 79.12, "score": 66.12444731024318}
{"trimPosition": [236, 254], "maxExpectedError": [3, 4], "readRetentionPercent": 79.07, "score": 66.06687546057479}
{"trimPosition": [235, 255], "maxExpectedError": [3, 4], "readRetentionPercent": 78.94, "score": 65.94136882829773}
{"trimPosition": [234, 256], "maxExpectedError": [3, 4], "readRetentionPercent": 78.85, "score": 65.8527081798084}
{"trimPosition": [233, 257], "maxExpectedError": [3, 4], "readRetentionPercent": 78.61, "score": 65.60745210022108}
{"trimPosition": [232, 258], "maxExpectedError": [3, 4], "readRetentionPercent": 78.42, "score": 65.42437361827561}
{"trimPosition": [231, 259], "maxExpectedError": [3, 4], "readRetentionPercent": 78.23, "score": 65.2320836403832}
{"trimPosition": [230, 260], "maxExpectedError": [3, 4], "readRetentionPercent": 78.12, "score": 65.12384856300663}
{"trimPosition": [229, 261], "maxExpectedError": [3, 4], "readRetentionPercent": 77.84, "score": 64.83829218865144}
{"trimPosition": [228, 262], "maxExpectedError": [3, 4], "readRetentionPercent": 77.7, "score": 64.70242262343405}
{"trimPosition": [288, 202], "maxExpectedError": [5, 2], "readRetentionPercent": 79.37, "score": 62.367400515843784}
{"trimPosition": [287, 203], "maxExpectedError": [5, 2], "readRetentionPercent": 79.32, "score": 62.319040162122334}
{"trimPosition": [285, 205], "maxExpectedError": [5, 2], "readRetentionPercent": 79.29, "score": 62.28564848931467}
{"trimPosition": [289, 201], "maxExpectedError": [5, 2], "readRetentionPercent": 79.26, "score": 62.26146831245394}
{"trimPosition": [286, 204], "maxExpectedError": [5, 2], "readRetentionPercent": 79.26, "score": 62.260316875460575}
{"trimPosition": [284, 206], "maxExpectedError": [5, 2], "readRetentionPercent": 79.22, "score": 62.22116801768607}
{"trimPosition": [283, 207], "maxExpectedError": [5, 2], "readRetentionPercent": 79.15, "score": 62.14862748710391}
{"trimPosition": [282, 208], "maxExpectedError": [5, 2], "readRetentionPercent": 79.03, "score": 62.02887803979365}
{"trimPosition": [281, 209], "maxExpectedError": [5, 2], "readRetentionPercent": 78.98, "score": 61.977063375092115}
{"trimPosition": [280, 210], "maxExpectedError": [5, 2], "readRetentionPercent": 78.97, "score": 61.97015475313191}
{"trimPosition": [279, 211], "maxExpectedError": [5, 2], "readRetentionPercent": 78.94, "score": 61.940217391304344}
{"trimPosition": [278, 212], "maxExpectedError": [5, 2], "readRetentionPercent": 78.88, "score": 61.881494104642584}
{"trimPosition": [277, 213], "maxExpectedError": [5, 2], "readRetentionPercent": 78.85, "score": 61.845799557848196}
{"trimPosition": [227, 263], "maxExpectedError": [3, 5], "readRetentionPercent": 81.19, "score": 61.18667096536477}
{"trimPosition": [225, 265], "maxExpectedError": [3, 5], "readRetentionPercent": 81.04, "score": 61.04043846720708}
{"trimPosition": [224, 266], "maxExpectedError": [3, 5], "readRetentionPercent": 81.02, "score": 61.015106853352975}
{"trimPosition": [226, 264], "maxExpectedError": [3, 5], "readRetentionPercent": 81.01, "score": 61.01395541635962}
{"trimPosition": [223, 267], "maxExpectedError": [2, 5], "readRetentionPercent": 77.61, "score": 60.614913411938105}
{"trimPosition": [222, 268], "maxExpectedError": [2, 5], "readRetentionPercent": 77.46, "score": 60.46407516580692}
{"trimPosition": [221, 269], "maxExpectedError": [2, 5], "readRetentionPercent": 77.32, "score": 60.320145541635966}
{"trimPosition": [220, 270], "maxExpectedError": [2, 5], "readRetentionPercent": 77.19, "score": 60.18657885040531}
{"trimPosition": [219, 271], "maxExpectedError": [2, 5], "readRetentionPercent": 77.04, "score": 60.03689204126751}
{"trimPosition": [218, 272], "maxExpectedError": [2, 5], "readRetentionPercent": 76.8, "score": 59.79854458364038}
{"trimPosition": [217, 273], "maxExpectedError": [2, 5], "readRetentionPercent": 76.61, "score": 59.60855747973471}
{"trimPosition": [216, 274], "maxExpectedError": [2, 5], "readRetentionPercent": 76.55, "score": 59.55098563006632}
{"trimPosition": [215, 275], "maxExpectedError": [2, 5], "readRetentionPercent": 76.32, "score": 59.324152542372886}
{"trimPosition": [214, 276], "maxExpectedError": [2, 5], "readRetentionPercent": 76.14, "score": 59.139922623434046}
{"trimPosition": [213, 277], "maxExpectedError": [2, 5], "readRetentionPercent": 76.1, "score": 59.09962232866617}
{"trimPosition": [212, 278], "maxExpectedError": [2, 6], "readRetentionPercent": 79.07, "score": 53.06802689756816}
{"trimPosition": [211, 279], "maxExpectedError": [2, 6], "readRetentionPercent": 78.9, "score": 52.90106853352985}
{"trimPosition": [210, 280], "maxExpectedError": [2, 6], "readRetentionPercent": 78.71, "score": 52.70762711864407}
{"trimPosition": [209, 281], "maxExpectedError": [2, 6], "readRetentionPercent": 78.45, "score": 52.45315954310979}
{"trimPosition": [208, 282], "maxExpectedError": [2, 6], "readRetentionPercent": 78.22, "score": 52.221720707442884}
{"trimPosition": [207, 283], "maxExpectedError": [2, 6], "readRetentionPercent": 78.01, "score": 52.00870486366986}
{"trimPosition": [206, 284], "maxExpectedError": [2, 6], "readRetentionPercent": 77.73, "score": 51.72660280029477}
{"trimPosition": [205, 285], "maxExpectedError": [2, 6], "readRetentionPercent": 77.44, "score": 51.43874355195284}
{"trimPosition": [204, 286], "maxExpectedError": [2, 6], "readRetentionPercent": 77.2, "score": 51.200396094325725}
{"trimPosition": [203, 287], "maxExpectedError": [2, 6], "readRetentionPercent": 76.93, "score": 50.9332627118644}
{"trimPosition": [202, 288], "maxExpectedError": [2, 6], "readRetentionPercent": 76.66, "score": 50.663826455416356}
{"trimPosition": [201, 289], "maxExpectedError": [2, 6], "readRetentionPercent": 76.31, "score": 50.31033529845247}
{"trimPosition": [200, 290], "maxExpectedError": [2, 6], "readRetentionPercent": 63.71, "score": 37.705554532056006}
{"trimPosition": [290, 200], "maxExpectedError": [5, 2], "readRetentionPercent": 38.32, "score": 21.32327745025792}
Run time: 0:05:49.617672
