python /home/payton/figaro/figaro/figaro.py -f 17 -r 21 -a 450 -m 12
Forward read length: 290
Reverse read length: 290
{"trimPosition": [276, 224], "maxExpectedError": [4, 3], "readRetentionPercent": 79.1, "score": 66.10026713338246}
{"trimPosition": [275, 225], "maxExpectedError": [4, 3], "readRetentionPercent": 79.08, "score": 66.07838983050848}
{"trimPosition": [274, 226], "maxExpectedError": [4, 3], "readRetentionPercent": 78.99, "score": 65.99088061901253}
{"trimPosition": [273, 227], "maxExpectedError": [4, 3], "readRetentionPercent": 78.98, "score": 65.98282056005895}
{"trimPosition": [272, 228], "maxExpectedError": [4, 3], "readRetentionPercent": 78.84, "score": 65.83543662490789}
{"trimPosition": [271, 229], "maxExpectedError": [4, 3], "readRetentionPercent": 78.8, "score": 65.79859064112011}
{"trimPosition": [270, 230], "maxExpectedError": [4, 3], "readRetentionPercent": 78.68, "score": 65.6776897568165}
{"trimPosition": [252, 248], "maxExpectedError": [3, 4], "readRetentionPercent": 78.65, "score": 65.65235814296241}
{"trimPosition": [254, 246], "maxExpectedError": [3, 4], "readRetentionPercent": 78.65, "score": 65.64890383198231}
{"trimPosition": [251, 249], "maxExpectedError": [3, 4], "readRetentionPercent": 78.65, "score": 65.6454495210022}
{"trimPosition": [269, 231], "maxExpectedError": [4, 3], "readRetentionPercent": 78.62, "score": 65.62126934414148}
{"trimPosition": [250, 250], "maxExpectedError": [3, 4], "readRetentionPercent": 78.61, "score": 65.60975497420782}
{"trimPosition": [253, 247], "maxExpectedError": [3, 4], "readRetentionPercent": 78.61, "score": 65.60630066322771}
{"trimPosition": [266, 234], "maxExpectedError": [4, 3], "readRetentionPercent": 78.58, "score": 65.57981761238025}
{"trimPosition": [267, 233], "maxExpectedError": [4, 3], "readRetentionPercent": 78.56, "score": 65.55909174649963}
{"trimPosition": [268, 232], "maxExpectedError": [4, 3], "readRetentionPercent": 78.55, "score": 65.55103168754606}
{"trimPosition": [249, 251], "maxExpectedError": [3, 4], "readRetentionPercent": 78.49, "score": 65.49461127487103}
{"trimPosition": [265, 235], "maxExpectedError": [4, 3], "readRetentionPercent": 78.46, "score": 65.4635224760501}
{"trimPosition": [264, 236], "maxExpectedError": [4, 3], "readRetentionPercent": 78.43, "score": 65.43013080324245}
{"trimPosition": [248, 252], "maxExpectedError": [3, 4], "readRetentionPercent": 78.34, "score": 65.3391672807664}
{"trimPosition": [263, 237], "maxExpectedError": [4, 3], "readRetentionPercent": 78.22, "score": 65.22172070744288}
{"trimPosition": [247, 253], "maxExpectedError": [3, 4], "readRetentionPercent": 78.21, "score": 65.21481208548269}
{"trimPosition": [261, 239], "maxExpectedError": [4, 3], "readRetentionPercent": 78.21, "score": 65.21250921149596}
{"trimPosition": [260, 240], "maxExpectedError": [4, 3], "readRetentionPercent": 78.21, "score": 65.20560058953573}
{"trimPosition": [262, 238], "maxExpectedError": [4, 3], "readRetentionPercent": 78.18, "score": 65.18487472365511}
{"trimPosition": [246, 254], "maxExpectedError": [3, 4], "readRetentionPercent": 78.16, "score": 65.15608879882093}
{"trimPosition": [259, 241], "maxExpectedError": [4, 3], "readRetentionPercent": 78.06, "score": 65.0639738393515}
{"trimPosition": [245, 255], "maxExpectedError": [3, 4], "readRetentionPercent": 78.04, "score": 65.04094509948416}
{"trimPosition": [244, 256], "maxExpectedError": [3, 4], "readRetentionPercent": 77.97, "score": 64.97301031687546}
{"trimPosition": [258, 242], "maxExpectedError": [4, 3], "readRetentionPercent": 77.76, "score": 64.76114591009579}
{"trimPosition": [243, 257], "maxExpectedError": [3, 4], "readRetentionPercent": 77.72, "score": 64.72314848931467}
{"trimPosition": [242, 258], "maxExpectedError": [3, 4], "readRetentionPercent": 77.58, "score": 64.5757645541636}
{"trimPosition": [241, 259], "maxExpectedError": [3, 4], "readRetentionPercent": 77.39, "score": 64.39153463522476}
{"trimPosition": [240, 260], "maxExpectedError": [3, 4], "readRetentionPercent": 77.25, "score": 64.24760501105379}
{"trimPosition": [239, 261], "maxExpectedError": [3, 4], "readRetentionPercent": 76.99, "score": 63.98622881355932}
{"trimPosition": [238, 262], "maxExpectedError": [3, 4], "readRetentionPercent": 76.86, "score": 63.86302505526898}
{"trimPosition": [257, 243], "maxExpectedError": [4, 4], "readRetentionPercent": 81.45, "score": 63.44689572586587}
{"trimPosition": [256, 244], "maxExpectedError": [4, 4], "readRetentionPercent": 81.4, "score": 63.40314112011791}
{"trimPosition": [255, 245], "maxExpectedError": [4, 4], "readRetentionPercent": 81.36, "score": 63.363992262343416}
{"trimPosition": [278, 222], "maxExpectedError": [5, 3], "readRetentionPercent": 81.66, "score": 61.65991156963891}
{"trimPosition": [279, 221], "maxExpectedError": [5, 3], "readRetentionPercent": 81.64, "score": 61.64033714075167}
{"trimPosition": [281, 219], "maxExpectedError": [5, 3], "readRetentionPercent": 81.64, "score": 61.63688282977155}
{"trimPosition": [277, 223], "maxExpectedError": [5, 3], "readRetentionPercent": 81.63, "score": 61.628822770817976}
{"trimPosition": [280, 220], "maxExpectedError": [5, 3], "readRetentionPercent": 81.59, "score": 61.59427966101694}
{"trimPosition": [282, 218], "maxExpectedError": [5, 3], "readRetentionPercent": 81.59, "score": 61.586219602063366}
{"trimPosition": [283, 217], "maxExpectedError": [5, 3], "readRetentionPercent": 81.52, "score": 61.52058769344141}
{"trimPosition": [284, 216], "maxExpectedError": [5, 3], "readRetentionPercent": 81.52, "score": 61.51713338246131}
{"trimPosition": [285, 215], "maxExpectedError": [5, 3], "readRetentionPercent": 81.49, "score": 61.48719602063376}
{"trimPosition": [289, 211], "maxExpectedError": [5, 2], "readRetentionPercent": 77.85, "score": 60.84865512159175}
{"trimPosition": [288, 212], "maxExpectedError": [5, 2], "readRetentionPercent": 77.85, "score": 60.84750368459838}
{"trimPosition": [287, 213], "maxExpectedError": [5, 2], "readRetentionPercent": 77.78, "score": 60.77726602800294}
{"trimPosition": [286, 214], "maxExpectedError": [5, 2], "readRetentionPercent": 77.69, "score": 60.69090825350037}
{"trimPosition": [237, 263], "maxExpectedError": [3, 5], "readRetentionPercent": 80.2, "score": 60.20104089904201}
{"trimPosition": [235, 265], "maxExpectedError": [3, 5], "readRetentionPercent": 80.11, "score": 60.10547162859248}
{"trimPosition": [236, 264], "maxExpectedError": [3, 5], "readRetentionPercent": 80.1, "score": 60.10316875460575}
{"trimPosition": [234, 266], "maxExpectedError": [3, 5], "readRetentionPercent": 80.08, "score": 60.082442888725126}
{"trimPosition": [233, 267], "maxExpectedError": [3, 5], "readRetentionPercent": 79.91, "score": 59.90972733971998}
{"trimPosition": [232, 268], "maxExpectedError": [3, 5], "readRetentionPercent": 79.68, "score": 59.67598563006632}
{"trimPosition": [231, 269], "maxExpectedError": [3, 5], "readRetentionPercent": 79.49, "score": 59.48599852616066}
{"trimPosition": [230, 270], "maxExpectedError": [3, 5], "readRetentionPercent": 79.29, "score": 59.291405674281506}
{"trimPosition": [229, 271], "maxExpectedError": [3, 5], "readRetentionPercent": 79.07, "score": 59.06802689756816}
{"trimPosition": [228, 272], "maxExpectedError": [3, 5], "readRetentionPercent": 78.79, "score": 58.792833456153275}
{"trimPosition": [227, 273], "maxExpectedError": [3, 5], "readRetentionPercent": 78.54, "score": 58.53951731761238}
{"trimPosition": [226, 274], "maxExpectedError": [3, 5], "readRetentionPercent": 78.45, "score": 58.45431098010317}
{"trimPosition": [225, 275], "maxExpectedError": [3, 5], "readRetentionPercent": 78.21, "score": 58.20790346352247}
{"trimPosition": [223, 277], "maxExpectedError": [2, 5], "readRetentionPercent": 75.15, "score": 58.14508106116433}
{"trimPosition": [224, 276], "maxExpectedError": [3, 5], "readRetentionPercent": 77.98, "score": 57.98337324981577}
{"trimPosition": [222, 278], "maxExpectedError": [2, 6], "readRetentionPercent": 77.92, "score": 51.92004421518055}
{"trimPosition": [221, 279], "maxExpectedError": [2, 6], "readRetentionPercent": 77.76, "score": 51.762297347089174}
{"trimPosition": [220, 280], "maxExpectedError": [2, 6], "readRetentionPercent": 77.64, "score": 51.63909358879883}
{"trimPosition": [219, 281], "maxExpectedError": [2, 6], "readRetentionPercent": 77.45, "score": 51.44565217391305}
{"trimPosition": [218, 282], "maxExpectedError": [2, 6], "readRetentionPercent": 77.2, "score": 51.19924465733236}
{"trimPosition": [217, 283], "maxExpectedError": [2, 6], "readRetentionPercent": 77.03, "score": 51.02883198231393}
{"trimPosition": [216, 284], "maxExpectedError": [2, 6], "readRetentionPercent": 76.78, "score": 50.7835759027266}
{"trimPosition": [215, 285], "maxExpectedError": [2, 6], "readRetentionPercent": 76.52, "score": 50.51989683124539}
{"trimPosition": [214, 286], "maxExpectedError": [2, 6], "readRetentionPercent": 76.32, "score": 50.317243920412665}
{"trimPosition": [213, 287], "maxExpectedError": [2, 6], "readRetentionPercent": 76.09, "score": 50.08810795873249}
{"trimPosition": [212, 288], "maxExpectedError": [2, 6], "readRetentionPercent": 75.88, "score": 49.87739498894621}
{"trimPosition": [211, 289], "maxExpectedError": [2, 6], "readRetentionPercent": 75.57, "score": 49.56765843773029}
{"trimPosition": [210, 290], "maxExpectedError": [2, 6], "readRetentionPercent": 63.71, "score": 37.705554532056006}
{"trimPosition": [290, 210], "maxExpectedError": [5, 2], "readRetentionPercent": 38.32, "score": 21.32327745025792}
Run time: 0:04:43.041138
